<?xml version="1.0" encoding="UTF-8" ?>
<testsuite errors="1" failures="0" hostname="EPRUTLTW0038" name="com.epam.education.StudentTest" tests="1" time="0.0" timestamp="2012-06-09T13:01:07">
  <properties>
[...]
</properties>
  <error message="com.epam.education.StudentTest" type="java.lang.ClassNotFoundException">java.lang.ClassNotFoundException: com.epam.education.StudentTest
	at java.lang.ClassLoader.loadClass(ClassLoader.java:247)
	at java.lang.Class.forName0(Native Method)
	at java.lang.Class.forName(Class.java:247)
</error>
  <system-out><![CDATA[]]></system-out>
  <system-err><![CDATA[]]></system-err>
</testsuite>
